  Using 'git status' to determine working set for adaptive non-unity build (C:\Users\Juanito\Documents\GitHub\ShootingGallery).
  Parsing headers for MyProjectEditor
    Running UnrealHeaderTool "C:\Users\Juanito\Documents\GitHub\ShootingGallery\MyProject\MyProject.uproject" "C:\Users\Juanito\Documents\GitHub\ShootingGallery\MyProject\Intermediate\Build\Win64\MyProjectEditor\Development\MyProjectEditor.uhtmanifest" -LogCmds="loginit warning, logexit warning, logdatabase error" -Unattended -WarningsAsErrors -abslog="C:\Users\Juanito\AppData\Local\UnrealBuildTool\Log_UHT.txt" -installed
  Reflection code generated for MyProjectEditor in 11,0269947 seconds
  Building MyProjectEditor...
  Using Visual Studio 2019 14.28.29914 toolchain (C:\Program Files (x86)\Microsoft Visual Studio\2019\Community\VC\Tools\MSVC\14.28.29910) and Windows 10.0.19041.0 SDK (C:\Program Files (x86)\Windows Kits\10).
  Building 12 actions with 16 processes...
    [1/12] MyProject.init.gen.cpp
    [2/12] Gun.cpp
    [3/12] Hand.cpp
    [4/12] ActorPoolComponent.cpp
    [5/12] ShootingGalleryGameMode.cpp
    [6/12] Hand.gen.cpp
    [7/12] Gun.gen.cpp
    [8/12] PlayerPawn.gen.cpp
    [9/12] PlayerPawn.cpp
    [10/12] UE4Editor-MyProject.lib
       Creando biblioteca C:\Users\Juanito\Documents\GitHub\ShootingGallery\MyProject\Intermediate\Build\Win64\UE4Editor\Development\MyProject\UE4Editor-MyProject.lib y objeto C:\Users\Juanito\Documents\GitHub\ShootingGallery\MyProject\Intermediate\Build\Win64\UE4Editor\Development\MyProject\UE4Editor-MyProject.exp
    [11/12] UE4Editor-MyProject.dll
       Creando biblioteca C:\Users\Juanito\Documents\GitHub\ShootingGallery\MyProject\Intermediate\Build\Win64\UE4Editor\Development\MyProject\UE4Editor-MyProject.suppressed.lib y objeto C:\Users\Juanito\Documents\GitHub\ShootingGallery\MyProject\Intermediate\Build\Win64\UE4Editor\Development\MyProject\UE4Editor-MyProject.suppressed.exp
    [12/12] MyProjectEditor.target
  Total time in Parallel executor: 4,21 seconds
  Total execution time: 15,88 seconds
